best solution had 6 conflicts.
0	1
1	6
2	6
3	6
4	6
5	6
6	4
7	4
8	4
9	4
10	4
11	5
12	3
13	3
14	3
15	3
16	3
17	3
18	3
19	3
20	3
21	3
22	3
23	4
24	2
25	2
26	2
27	2
28	2
29	4
30	4
31	4
32	4
33	4
34	2
35	2
36	2
37	2
38	2
39	2
40	2
41	2
42	2
43	2
44	2
45	2
46	4
47	3
48	6
49	6
50	6
51	6
52	6
53	4
54	4
55	4
56	4
57	4
58	5
59	3
60	3
61	3
62	3
63	3
64	1
65	1
66	1
67	1
68	1
69	3
70	4
71	2
72	2
73	2
74	2
75	2
76	1
77	1
78	1
79	1
80	1
81	2
82	1
83	1
84	1
85	1
86	1
87	1
88	1
89	1
90	1
91	1
92	1
93	4
94	3
95	6
96	5
97	5
98	5
99	5
100	5
101	4
102	4
103	4
104	4
105	4
106	5
107	3
108	3
109	3
110	3
111	3
112	1
113	1
114	1
115	1
116	1
117	2
118	4
119	2
120	2
121	2
122	2
123	2
124	1
125	1
126	1
127	1
128	1
129	2
130	1
131	1
132	1
133	1
134	1
135	1
136	1
137	1
138	1
139	1
140	1
141	2
142	3
143	1
144	1
145	1
146	1
147	1
148	1
149	1
150	1
151	1
152	1
153	1
154	1
155	1
156	1
157	1
158	1
159	1
160	1
161	1
162	1
163	1
164	1
165	1
166	1
167	1
168	1
169	1
170	1
171	1
172	1
173	1
174	1
175	1
176	1
177	1
178	1
179	1
180	1
181	1
182	1
183	1
184	1
185	1
186	1
187	1
188	1
189	1
190	6
191	6

