best solution had 2 conflicts.
0	1
1	6
2	6
3	6
4	6
5	6
6	2
7	2
8	2
9	2
10	2
11	3
12	5
13	5
14	5
15	5
16	5
17	2
18	2
19	2
20	2
21	2
22	4
23	3
24	4
25	4
26	4
27	4
28	4
29	2
30	2
31	2
32	2
33	2
34	3
35	1
36	1
37	1
38	1
39	1
40	1
41	1
42	1
43	1
44	1
45	1
46	3
47	5
48	3
49	3
50	3
51	3
52	3
53	2
54	2
55	2
56	2
57	2
58	3
59	1
60	1
61	1
62	1
63	1
64	1
65	1
66	1
67	1
68	1
69	1
70	3
71	1
72	1
73	1
74	1
75	1
76	1
77	1
78	1
79	1
80	1
81	1
82	1
83	1
84	1
85	1
86	1
87	1
88	1
89	1
90	1
91	1
92	1
93	1
94	5
95	4

