CPLEX 12.6.3.0: time=600
CPLEX 12.6.3.0: optimal integer solution; objective 2
70839811 MIP simplex iterations
1593540 branch-and-bound nodes
No basis.
color [*,*]
:    0   1   2   3   4   5    :=
0    1   0   0   0   0   0
1    0   0   0   0   1   0
2    0   0   0   1   0   0
3    0   1   0   0   0   0
4    0   1   0   0   0   0
5    0   0   1   0   0   0
6    0   0   1   0   0   0
7    0   0   1   0   0   0
8    0   1   0   0   0   0
9    0   1   0   0   0   0
10   0   0   1   0   0   0
11   0   0   0   0   1   0
12   0   0   0   0   1   0
13   0   0   0   0   0   1
14   0   0   0   0   0   1
15   0   0   0   0   0   1
16   1   0   0   0   0   0
17   0   0   0   0   0   1
18   0   0   0   0   0   1
19   0   0   0   0   0   1
20   0   0   0   0   0   1
21   0   0   0   0   0   1
22   0   0   0   1   0   0
23   0   1   0   0   0   0
24   0   0   1   0   0   0
25   0   0   0   1   0   0
26   0   1   0   0   0   0
27   0   0   0   1   0   0
28   1   0   0   0   0   0
29   1   0   0   0   0   0
30   0   0   1   0   0   0
31   0   1   0   0   0   0
32   0   1   0   0   0   0
33   1   0   0   0   0   0
34   0   0   0   1   0   0
35   0   0   0   0   0   1
36   0   0   0   0   0   1
37   0   0   0   0   0   1
38   0   0   0   0   0   1
39   0   0   0   0   0   1
40   1   0   0   0   0   0
41   0   0   0   0   0   1
42   0   0   0   0   0   1
43   0   0   0   0   0   1
44   1   0   0   0   0   0
45   0   0   0   0   0   1
46   0   0   1   0   0   0
47   0   0   0   0   1   0
48   1   0   0   0   0   0
49   0   0   0   1   0   0
50   0   1   0   0   0   0
51   0   0   0   1   0   0
52   1   0   0   0   0   0
53   1   0   0   0   0   0
54   1   0   0   0   0   0
55   0   1   0   0   0   0
56   0   1   0   0   0   0
57   1   0   0   0   0   0
58   0   0   0   1   0   0
59   1   0   0   0   0   0
60   0   0   0   0   0   1
61   0   0   0   0   0   1
62   0   0   0   0   0   1
63   1   0   0   0   0   0
64   1   0   0   0   0   0
65   0   0   0   0   0   1
66   0   0   0   0   0   1
67   0   0   0   0   0   1
68   0   0   0   0   0   1
69   0   0   0   0   0   1
70   0   1   0   0   0   0
71   1   0   0   0   0   0
72   1   0   0   0   0   0
73   0   1   0   0   0   0
74   0   0   0   1   0   0
75   1   0   0   0   0   0
76   1   0   0   0   0   0
77   1   0   0   0   0   0
78   0   1   0   0   0   0
79   0   0   0   0   0   1
80   1   0   0   0   0   0
81   1   0   0   0   0   0
82   1   0   0   0   0   0
83   0   0   0   0   0   1
84   1   0   0   0   0   0
85   0   0   0   0   0   1
86   0   0   0   0   0   1
87   0   0   0   0   0   1
88   0   0   0   0   0   1
89   0   0   0   0   0   1
90   1   0   0   0   0   0
91   0   0   0   0   0   1
92   0   0   0   0   0   1
93   0   1   0   0   0   0
94   0   0   0   0   1   0
95   0   0   1   0   0   0
;

