CPLEX 12.6.3.0: time=600
CPLEX 12.6.3.0: optimal integer solution; objective 2
1214 MIP simplex iterations
225 branch-and-bound nodes
No basis.
color [*,*]
:    0   1   2   3    :=
0    1   0   0   0
1    0   1   0   0
2    1   0   0   0
3    0   0   0   1
4    1   0   0   0
5    0   1   0   0
6    0   0   1   0
7    1   0   0   0
8    0   0   1   0
9    1   0   0   0
10   0   0   1   0
11   0   0   0   1
12   0   1   0   0
13   1   0   0   0
14   0   0   0   1
15   0   0   0   1
16   0   1   0   0
17   0   0   1   0
18   0   0   1   0
19   0   0   1   0
20   0   0   1   0
21   0   1   0   0
22   0   0   0   1
23   1   0   0   0
;

